Flappy Bird/Library/Bee/Android/Prj/IL2CPP/Gradle/unityLibrary/build/intermediates/manifest_merge_blame_file/debug/manifest-merger-blame-debug-report.txt
1<?xml version="1.0" encoding="utf-8"?>
2<manifest xmlns:android="http://schemas.android.com/apk/res/android"
3    xmlns:tools="http://schemas.android.com/tools"
4    package="com.unity3d.player" >
5
6    <uses-sdk
7        android:minSdkVersion="23"
7-->src\main\AndroidManifest.xml
8        android:targetSdkVersion="33" />
8-->src\main\AndroidManifest.xml
9
10    <uses-permission android:name="android.permission.INTERNET" />
10-->src\main\AndroidManifest.xml:3:3-65
10-->src\main\AndroidManifest.xml:3:20-62
11
12    <uses-feature android:glEsVersion="0x00030000" />
12-->src\main\AndroidManifest.xml:4:3-52
12-->src\main\AndroidManifest.xml:4:17-49
13    <uses-feature
13-->src\main\AndroidManifest.xml:5:3-91
14        android:name="android.hardware.vulkan.version"
14-->src\main\AndroidManifest.xml:5:17-63
15        android:required="false" />
15-->src\main\AndroidManifest.xml:5:64-88
16    <uses-feature
16-->src\main\AndroidManifest.xml:6:3-88
17        android:name="android.hardware.touchscreen"
17-->src\main\AndroidManifest.xml:6:17-60
18        android:required="false" />
18-->src\main\AndroidManifest.xml:6:61-85
19    <uses-feature
19-->src\main\AndroidManifest.xml:7:3-99
20        android:name="android.hardware.touchscreen.multitouch"
20-->src\main\AndroidManifest.xml:7:17-71
21        android:required="false" />
21-->src\main\AndroidManifest.xml:7:72-96
22    <uses-feature
22-->src\main\AndroidManifest.xml:8:3-108
23        android:name="android.hardware.touchscreen.multitouch.distinct"
23-->src\main\AndroidManifest.xml:8:17-80
24        android:required="false" />
24-->src\main\AndroidManifest.xml:8:81-105
25
26    <uses-permission android:name="android.permission.POST_NOTIFICATIONS" />
26-->src\main\AndroidManifest.xml:35:3-75
26-->src\main\AndroidManifest.xml:35:20-72
27
28    <application
28-->src\main\AndroidManifest.xml:9:3-34:17
29        android:appCategory="game"
29-->src\main\AndroidManifest.xml:9:49-75
30        android:extractNativeLibs="true" >
30-->src\main\AndroidManifest.xml:9:16-48
31        <meta-data
31-->src\main\AndroidManifest.xml:10:5-69
32            android:name="unity.splash-mode"
32-->src\main\AndroidManifest.xml:10:16-48
33            android:value="0" />
33-->src\main\AndroidManifest.xml:10:49-66
34        <meta-data
34-->src\main\AndroidManifest.xml:11:5-74
35            android:name="unity.splash-enable"
35-->src\main\AndroidManifest.xml:11:16-50
36            android:value="True" />
36-->src\main\AndroidManifest.xml:11:51-71
37        <meta-data
37-->src\main\AndroidManifest.xml:12:5-78
38            android:name="unity.launch-fullscreen"
38-->src\main\AndroidManifest.xml:12:16-54
39            android:value="True" />
39-->src\main\AndroidManifest.xml:12:55-75
40        <meta-data
40-->src\main\AndroidManifest.xml:13:5-84
41            android:name="unity.allow-resizable-window"
41-->src\main\AndroidManifest.xml:13:16-59
42            android:value="False" />
42-->src\main\AndroidManifest.xml:13:60-81
43        <meta-data
43-->src\main\AndroidManifest.xml:14:5-81
44            android:name="notch.config"
44-->src\main\AndroidManifest.xml:14:16-43
45            android:value="portrait|landscape" />
45-->src\main\AndroidManifest.xml:14:44-78
46        <meta-data
46-->src\main\AndroidManifest.xml:15:5-84
47            android:name="unity.auto-report-fully-drawn"
47-->src\main\AndroidManifest.xml:15:16-60
48            android:value="true" />
48-->src\main\AndroidManifest.xml:15:61-81
49        <meta-data
49-->src\main\AndroidManifest.xml:16:5-78
50            android:name="unity.strip-engine-code"
50-->src\main\AndroidManifest.xml:16:16-54
51            android:value="true" />
51-->src\main\AndroidManifest.xml:16:55-75
52        <meta-data
52-->src\main\AndroidManifest.xml:17:5-99
53            android:name="android.game_mode_config"
53-->src\main\AndroidManifest.xml:17:16-55
54            android:resource="@xml/game_mode_config" />
54-->src\main\AndroidManifest.xml:17:56-96
55
56        <activity
56-->src\main\AndroidManifest.xml:18:5-26:16
57            android:name="com.unity3d.player.UnityPlayerGameActivity"
57-->src\main\AndroidManifest.xml:18:312-369
58            android:configChanges="mcc|mnc|locale|touchscreen|keyboard|keyboardHidden|navigation|orientation|screenLayout|uiMode|screenSize|smallestScreenSize|fontScale|layoutDirection|density"
58-->src\main\AndroidManifest.xml:18:15-196
59            android:enabled="true"
59-->src\main\AndroidManifest.xml:18:197-219
60            android:exported="true"
60-->src\main\AndroidManifest.xml:18:220-243
61            android:hardwareAccelerated="false"
61-->src\main\AndroidManifest.xml:18:244-279
62            android:launchMode="singleTask"
62-->src\main\AndroidManifest.xml:18:280-311
63            android:resizeableActivity="false"
63-->src\main\AndroidManifest.xml:18:370-404
64            android:screenOrientation="fullUser"
64-->src\main\AndroidManifest.xml:18:405-441
65            android:theme="@style/BaseUnityGameActivityTheme" >
65-->src\main\AndroidManifest.xml:18:442-491
66            <intent-filter>
66-->src\main\AndroidManifest.xml:19:7-22:23
67                <category android:name="android.intent.category.LAUNCHER" />
67-->src\main\AndroidManifest.xml:20:9-69
67-->src\main\AndroidManifest.xml:20:19-66
68
69                <action android:name="android.intent.action.MAIN" />
69-->src\main\AndroidManifest.xml:21:9-61
69-->src\main\AndroidManifest.xml:21:17-58
70            </intent-filter>
71
72            <meta-data
72-->src\main\AndroidManifest.xml:23:7-82
73                android:name="unityplayer.UnityActivity"
73-->src\main\AndroidManifest.xml:23:18-58
74                android:value="true" />
74-->src\main\AndroidManifest.xml:23:59-79
75            <meta-data
75-->src\main\AndroidManifest.xml:24:7-77
76                android:name="android.app.lib_name"
76-->src\main\AndroidManifest.xml:24:18-53
77                android:value="game" />
77-->src\main\AndroidManifest.xml:24:54-74
78            <meta-data
78-->src\main\AndroidManifest.xml:25:7-70
79                android:name="notch_support"
79-->src\main\AndroidManifest.xml:25:18-46
80                android:value="true" />
80-->src\main\AndroidManifest.xml:25:47-67
81        </activity>
82
83        <receiver
83-->src\main\AndroidManifest.xml:27:5-113
84            android:name="com.unity.androidnotifications.UnityNotificationManager"
84-->src\main\AndroidManifest.xml:27:15-85
85            android:exported="false" />
85-->src\main\AndroidManifest.xml:27:86-110
86        <receiver
86-->src\main\AndroidManifest.xml:28:5-32:16
87            android:name="com.unity.androidnotifications.UnityNotificationRestartOnBootReceiver"
87-->src\main\AndroidManifest.xml:28:15-99
88            android:enabled="false"
88-->src\main\AndroidManifest.xml:28:100-123
89            android:exported="false" >
89-->src\main\AndroidManifest.xml:28:124-148
90            <intent-filter>
90-->src\main\AndroidManifest.xml:29:7-31:23
91                <action android:name="android.intent.action.BOOT_COMPLETED" />
91-->src\main\AndroidManifest.xml:30:9-71
91-->src\main\AndroidManifest.xml:30:17-68
92            </intent-filter>
93        </receiver>
94
95        <meta-data
95-->src\main\AndroidManifest.xml:33:5-99
96            android:name="com.unity.androidnotifications.exact_scheduling"
96-->src\main\AndroidManifest.xml:33:16-78
97            android:value="0" />
97-->src\main\AndroidManifest.xml:33:79-96
98    </application>
99
100</manifest>